<?xml version="1.0" encoding="utf-8"?><testsuites name="pytest tests"><testsuite name="pytest" errors="0" failures="1" skipped="0" tests="8" time="41.826" timestamp="2026-09-04T16:49:34.902194+00:00" hostname="agent-env-eae2c4db-9bb4-4d28-a6f3-168992df0efd"><testcase classname="tests.test_support_ai_auto_reply.TestAttachmentSignUpload" name="test_sign_upload_without_auth_returns_403" time="2.891" /><testcase classname="tests.test_support_ai_auto_reply.TestAutoReplyMode" name="test_auto_reply_low_priority_general" time="5.592" /><testcase classname="tests.test_support_ai_auto_reply.TestAttachmentSignUpload" name="test_sign_upload_bad_ticket_returns_404" time="0.081" /><testcase classname="tests.test_support_ai_auto_reply.TestSuggestOnlyMode" name="test_default_config_suggest_only_no_auto_reply" time="3.534" /><testcase classname="tests.test_support_ai_auto_reply.TestAutoReplyMode" name="test_auto_reply_gate_blocks_high_priority" time="2.886" /><testcase classname="tests.test_support_ai_auto_reply.TestSmartRank" name="test_smart_rank_gold_trading" time="34.045"><failure message="AssertionError: unexpected response: {'top': [{'zone': 'DMCC', 'package': 'Nook Package', 'price_aed': 10345, 'speed': '10-14 days', 'score': 95, 'reason': 'DMCC is the global hub for gold and precious metals, offering the mandatory infrastructure and ecosystem for this specific trade.'}, {'zone': 'RAKEZ', 'package': 'Basic Instant Licence', 'price_aed': 6000, 'speed': '48-72 hours', 'score': 78, 'reason': 'A cost-effective alternative for general trading licenses that include gold, though lacking the specialized ecosystem of DMCC.'}, {'zone': 'IFZA', 'package': 'License Only', 'price_aed': 11900, 'speed': '3-5 days', 'score': 72, 'reason': 'Offers flexible general trading options with high brand prestige and efficient processing for international traders.'}], 'summary': 'For Gold Trading, DMCC is the undisputed leader due to its specialized infrastructure, the Dubai Good Delivery standard, and its status as a global commodities hub. While RAKEZ and IFZA offer cheaper or faster general trading setups, DMCC provides the necessary industry credibility and specific regulatory framework required for high-volume precious metal operations.'}&#10;assert (True and 0 &gt;= 1)&#10; +  where True = isinstance([], list)&#10; +  and   0 = len([])">backend/tests/test_support_ai_auto_reply.py:255: in test_smart_rank_gold_trading
    assert isinstance(items, list) and len(items) &gt;= 1, f"unexpected response: {data}"
E   AssertionError: unexpected response: {'top': [{'zone': 'DMCC', 'package': 'Nook Package', 'price_aed': 10345, 'speed': '10-14 days', 'score': 95, 'reason': 'DMCC is the global hub for gold and precious metals, offering the mandatory infrastructure and ecosystem for this specific trade.'}, {'zone': 'RAKEZ', 'package': 'Basic Instant Licence', 'price_aed': 6000, 'speed': '48-72 hours', 'score': 78, 'reason': 'A cost-effective alternative for general trading licenses that include gold, though lacking the specialized ecosystem of DMCC.'}, {'zone': 'IFZA', 'package': 'License Only', 'price_aed': 11900, 'speed': '3-5 days', 'score': 72, 'reason': 'Offers flexible general trading options with high brand prestige and efficient processing for international traders.'}], 'summary': 'For Gold Trading, DMCC is the undisputed leader due to its specialized infrastructure, the Dubai Good Delivery standard, and its status as a global commodities hub. While RAKEZ and IFZA offer cheaper or faster general trading setups, DMCC provides the necessary industry credibility and specific regulatory framework required for high-volume precious metal operations.'}
E   assert (True and 0 &gt;= 1)
E    +  where True = isinstance([], list)
E    +  and   0 = len([])</failure></testcase><testcase classname="tests.test_support_ai_auto_reply.TestAutoReplyMode" name="test_auto_reply_gate_blocks_payment_category" time="3.407" /><testcase classname="tests.test_support_ai_auto_reply.TestAnalyticsGating" name="test_analytics_without_staff_returns_403" time="0.141" /></testsuite></testsuites>